make[1]: Entering directory '/usr/src/linux-headers-6.17.0-1017-aws'
make[2]: Entering directory '/opt/dlami/nvme/work/nvidia-595.71.05-specasync'
  SYMLINK nvidia/nv-kernel.o
  SYMLINK nvidia-modeset/nv-modeset-kernel.o
  CC [M]  nvidia-uvm/uvm.o
  CC [M]  nvidia-uvm/uvm_tools.o
  CC [M]  nvidia-uvm/uvm_global.o
  CC [M]  nvidia-uvm/uvm_gpu.o
  CC [M]  nvidia-uvm/uvm_gpu_isr.o
  CC [M]  nvidia-uvm/uvm_va_space.o
  CC [M]  nvidia-uvm/uvm_va_space_mm.o
  CC [M]  nvidia-uvm/uvm_mem.o
  CC [M]  nvidia-uvm/uvm_channel.o
  CC [M]  nvidia-uvm/uvm_fd_type.o
  CC [M]  nvidia-uvm/uvm_va_range.o
  CC [M]  nvidia-uvm/uvm_va_range_device_p2p.o
  CC [M]  nvidia-uvm/uvm_va_policy.o
  CC [M]  nvidia-uvm/uvm_va_block.o
  CC [M]  nvidia-uvm/uvm_range_group.o
  CC [M]  nvidia-uvm/uvm_gpu_replayable_faults.o
  CC [M]  nvidia-uvm/uvm_gpu_non_replayable_faults.o
  CC [M]  nvidia-uvm/uvm_gpu_access_counters.o
  CC [M]  nvidia-uvm/uvm_perf_events.o
  CC [M]  nvidia-uvm/uvm_perf_module.o
  CC [M]  nvidia-uvm/uvm_mmu.o
  CC [M]  nvidia-uvm/uvm_pushbuffer.o
  CC [M]  nvidia-uvm/uvm_turing_host.o
  CC [M]  nvidia-uvm/uvm_ampere_host.o
  CC [M]  nvidia-uvm/uvm_policy.o
  CC [M]  nvidia-uvm/uvm_pmm_sysmem.o
  CC [M]  nvidia-uvm/uvm_pmm_gpu.o
  CC [M]  nvidia-uvm/uvm_migrate.o
  CC [M]  nvidia-uvm/uvm_populate_pageable.o
  CC [M]  nvidia-uvm/uvm_migrate_pageable.o
  CC [M]  nvidia-uvm/uvm_map_external.o
  CC [M]  nvidia-uvm/uvm_user_channel.o
  CC [M]  nvidia-uvm/uvm_hmm.o
  CC [M]  nvidia-uvm/uvm_perf_heuristics.o
  CC [M]  nvidia-uvm/uvm_perf_thrashing.o
  CC [M]  nvidia-uvm/uvm_perf_prefetch.o
  CC [M]  nvidia-uvm/uvm_ats.o
  CC [M]  nvidia-uvm/uvm_ats_faults.o
  CC [M]  nvidia-uvm/uvm_ats_sva.o
  CC [M]  nvidia-uvm/uvm_test.o
  CC [M]  nvidia-uvm/uvm_gpu_semaphore_test.o
  CC [M]  nvidia-uvm/uvm_mem_test.o
  CC [M]  nvidia-uvm/uvm_rm_mem_test.o
  CC [M]  nvidia-uvm/uvm_tracker_test.o
  CC [M]  nvidia-uvm/uvm_push_test.o
  CC [M]  nvidia-uvm/uvm_channel_test.o
  CC [M]  nvidia-uvm/uvm_ce_test.o
  CC [M]  nvidia-uvm/uvm_host_test.o
  CC [M]  nvidia-uvm/uvm_pmm_test.o
  CC [M]  nvidia-uvm/uvm_pmm_sysmem_test.o
  CC [M]  nvidia-uvm/uvm_perf_events_test.o
  CC [M]  nvidia-uvm/uvm_perf_module_test.o
  CC [M]  nvidia-uvm/uvm_get_rm_ptes_test.o
  CC [M]  nvidia-uvm/uvm_fault_buffer_flush_test.o
  CC [M]  nvidia-uvm/uvm_peer_identity_mappings_test.o
  CC [M]  nvidia-uvm/uvm_va_block_test.o
  CC [M]  nvidia-uvm/uvm_range_group_tree_test.o
  CC [M]  nvidia-uvm/uvm_thread_context_test.o
  CC [M]  nvidia-uvm/uvm_sec2_test.o
  CC [M]  nvidia-uvm/specasync_debugfs.o
nvidia-uvm/specasync_debugfs.c:258:5: warning: no previous prototype for ‘specasync_oracle_next_addr’ [-Wmissing-prototypes]
  258 | u64 specasync_oracle_next_addr(void)
      |     ^~~~~~~~~~~~~~~~~~~~~~~~~~
nvidia-uvm/specasync_debugfs.c:309:5: warning: no previous prototype for ‘specasync_debugfs_init’ [-Wmissing-prototypes]
  309 | int specasync_debugfs_init(struct dentry *parent_dentry)
      |     ^~~~~~~~~~~~~~~~~~~~~~
nvidia-uvm/specasync_debugfs.c:364:6: warning: no previous prototype for ‘specasync_debugfs_exit’ [-Wmissing-prototypes]
  364 | void specasync_debugfs_exit(void)
      |      ^~~~~~~~~~~~~~~~~~~~~~
  LD [M]  nvidia-uvm.o
  MODPOST Module.symvers
  CC [M]  nvidia-uvm.mod.o
  LD [M]  nvidia-uvm.ko
  BTF [M] nvidia-uvm.ko
Skipping BTF generation for nvidia-uvm.ko due to unavailability of vmlinux
make[2]: Leaving directory '/opt/dlami/nvme/work/nvidia-595.71.05-specasync'
make[1]: Leaving directory '/usr/src/linux-headers-6.17.0-1017-aws'
